<?xml version="1.0" encoding="UTF-8"?>
<testsuite name="ca.uwaterloo.ece.bicer.TimeRangeTest" tests="1" skipped="0" failures="0" errors="0" timestamp="2016-09-26T17:50:58" hostname="LT-PC11" time="0.014">
  <properties/>
  <testcase name="test" classname="ca.uwaterloo.ece.bicer.TimeRangeTest" time="0.014"/>
  <system-out><![CDATA[
trainStartDate: 2007-09-12 20:00:00 EDT 2007-09-13 00:00:00 GMT
trainEndDate: 2007-11-24 18:59:59 EST 2007-11-24 23:59:59 GMT
testStartDate: 2008-02-05 19:00:00 EST 2008-02-06 00:00:00 GMT
testEndDate: 2008-04-05 19:59:59 EDT 2008-04-05 23:59:59 GMT

trainStartDate: 2007-11-11 19:00:00 EST 2007-11-12 00:00:00 GMT
trainEndDate: 2008-01-23 18:59:59 EST 2008-01-23 23:59:59 GMT
testStartDate: 2008-04-05 20:00:00 EDT 2008-04-06 00:00:00 GMT
testEndDate: 2008-06-04 19:59:59 EDT 2008-06-04 23:59:59 GMT

trainStartDate: 2008-01-10 19:00:00 EST 2008-01-11 00:00:00 GMT
trainEndDate: 2008-03-23 19:59:59 EDT 2008-03-23 23:59:59 GMT
testStartDate: 2008-06-04 20:00:00 EDT 2008-06-05 00:00:00 GMT
testEndDate: 2008-08-03 19:59:59 EDT 2008-08-03 23:59:59 GMT

trainStartDate: 2008-03-10 20:00:00 EDT 2008-03-11 00:00:00 GMT
trainEndDate: 2008-05-22 19:59:59 EDT 2008-05-22 23:59:59 GMT
testStartDate: 2008-08-03 20:00:00 EDT 2008-08-04 00:00:00 GMT
testEndDate: 2008-10-02 19:59:59 EDT 2008-10-02 23:59:59 GMT

trainStartDate: 2008-05-09 20:00:00 EDT 2008-05-10 00:00:00 GMT
trainEndDate: 2008-07-21 19:59:59 EDT 2008-07-21 23:59:59 GMT
testStartDate: 2008-10-02 20:00:00 EDT 2008-10-03 00:00:00 GMT
testEndDate: 2008-12-01 18:59:59 EST 2008-12-01 23:59:59 GMT

trainStartDate: 2008-07-08 20:00:00 EDT 2008-07-09 00:00:00 GMT
trainEndDate: 2008-09-19 19:59:59 EDT 2008-09-19 23:59:59 GMT
testStartDate: 2008-12-01 19:00:00 EST 2008-12-02 00:00:00 GMT
testEndDate: 2009-01-30 18:59:59 EST 2009-01-30 23:59:59 GMT

trainStartDate: 2008-09-06 20:00:00 EDT 2008-09-07 00:00:00 GMT
trainEndDate: 2008-11-18 18:59:59 EST 2008-11-18 23:59:59 GMT
testStartDate: 2009-01-30 19:00:00 EST 2009-01-31 00:00:00 GMT
testEndDate: 2009-03-31 19:59:59 EDT 2009-03-31 23:59:59 GMT

trainStartDate: 2008-11-05 19:00:00 EST 2008-11-06 00:00:00 GMT
trainEndDate: 2009-01-17 18:59:59 EST 2009-01-17 23:59:59 GMT
testStartDate: 2009-03-31 20:00:00 EDT 2009-04-01 00:00:00 GMT
testEndDate: 2009-05-30 19:59:59 EDT 2009-05-30 23:59:59 GMT

trainStartDate: 2009-01-04 19:00:00 EST 2009-01-05 00:00:00 GMT
trainEndDate: 2009-03-18 19:59:59 EDT 2009-03-18 23:59:59 GMT
testStartDate: 2009-05-30 20:00:00 EDT 2009-05-31 00:00:00 GMT
testEndDate: 2009-07-29 19:59:59 EDT 2009-07-29 23:59:59 GMT

trainStartDate: 2009-03-05 19:00:00 EST 2009-03-06 00:00:00 GMT
trainEndDate: 2009-05-17 19:59:59 EDT 2009-05-17 23:59:59 GMT
testStartDate: 2009-07-29 20:00:00 EDT 2009-07-30 00:00:00 GMT
testEndDate: 2009-09-27 19:59:59 EDT 2009-09-27 23:59:59 GMT
]]></system-out>
  <system-err><![CDATA[]]></system-err>
</testsuite>
